<?xml version="1.0" encoding="UTF-8" ?>
<testsuite failures="0" time="0.015" errors="0" skipped="0" tests="11" name="com.kolong.tongji.vo.SecondLevelIndicatorTest">
  <properties>
[...]
</properties>
  <testcase time="0" classname="com.kolong.tongji.vo.SecondLevelIndicatorTest" name="testGetInfoIndex"/>
  <testcase time="0" classname="com.kolong.tongji.vo.SecondLevelIndicatorTest" name="testGetViewIndex"/>
  <testcase time="0" classname="com.kolong.tongji.vo.SecondLevelIndicatorTest" name="testGetReprintIndex"/>
  <testcase time="0" classname="com.kolong.tongji.vo.SecondLevelIndicatorTest" name="testGetReplyIndex"/>
  <testcase time="0" classname="com.kolong.tongji.vo.SecondLevelIndicatorTest" name="testGetContIndex"/>
  <testcase time="0" classname="com.kolong.tongji.vo.SecondLevelIndicatorTest" name="testGetOpinionIndex"/>
  <testcase time="0" classname="com.kolong.tongji.vo.SecondLevelIndicatorTest" name="testGetSiteIndex"/>
  <testcase time="0" classname="com.kolong.tongji.vo.SecondLevelIndicatorTest" name="testGetAreaIndex"/>
  <testcase time="0" classname="com.kolong.tongji.vo.SecondLevelIndicatorTest" name="testGetTypeIndex"/>
  <testcase time="0" classname="com.kolong.tongji.vo.SecondLevelIndicatorTest" name="testGetInfluIndex"/>
  <testcase time="0" classname="com.kolong.tongji.vo.SecondLevelIndicatorTest" name="testGetNumIndex"/>
</testsuite>